Analysis & Synthesis report for PID_Controller
Fri Mar 13 14:12:33 2026
Quartus Prime Version 17.1.0 Build 590 10/25/2017 SJ Lite Edition


---------------------
; Table of Contents ;
---------------------
  1. Legal Notice
  2. Analysis & Synthesis Summary
  3. Analysis & Synthesis Settings
  4. Parallel Compilation
  5. Analysis & Synthesis Source Files Read
  6. Analysis & Synthesis Resource Usage Summary
  7. Analysis & Synthesis Resource Utilization by Entity
  8. Analysis & Synthesis DSP Block Usage Summary
  9. General Register Statistics
 10. Multiplexer Restructuring Statistics (Restructuring Performed)
 11. Parameter Settings for User Entity Instance: Top-level Entity: |PID_Controller
 12. Parameter Settings for Inferred Entity Instance: lpm_divide:Div0
 13. Post-Synthesis Netlist Statistics for Top Partition
 14. Elapsed Time Per Partition
 15. Analysis & Synthesis Messages



----------------
; Legal Notice ;
----------------
Copyright (C) 2017  Intel Corporation. All rights reserved.
Your use of Intel Corporation's design tools, logic functions 
and other software and tools, and its AMPP partner logic 
functions, and any output files from any of the foregoing 
(including device programming or simulation files), and any 
associated documentation or information are expressly subject 
to the terms and conditions of the Intel Program License 
Subscription Agreement, the Intel Quartus Prime License Agreement,
the Intel FPGA IP License Agreement, or other applicable license
agreement, including, without limitation, that your use is for
the sole purpose of programming logic devices manufactured by
Intel and sold by Intel or its authorized distributors.  Please
refer to the applicable agreement for further details.



+-------------------------------------------------------------------------------+
; Analysis & Synthesis Summary                                                  ;
+---------------------------------+---------------------------------------------+
; Analysis & Synthesis Status     ; Successful - Fri Mar 13 14:12:33 2026       ;
; Quartus Prime Version           ; 17.1.0 Build 590 10/25/2017 SJ Lite Edition ;
; Revision Name                   ; PID_Controller                              ;
; Top-level Entity Name           ; PID_Controller                              ;
; Family                          ; Cyclone V                                   ;
; Logic utilization (in ALMs)     ; N/A                                         ;
; Total registers                 ; 34                                          ;
; Total pins                      ; 58                                          ;
; Total virtual pins              ; 0                                           ;
; Total block memory bits         ; 0                                           ;
; Total DSP Blocks                ; 5                                           ;
; Total HSSI RX PCSs              ; 0                                           ;
; Total HSSI PMA RX Deserializers ; 0                                           ;
; Total HSSI TX PCSs              ; 0                                           ;
; Total HSSI PMA TX Serializers   ; 0                                           ;
; Total PLLs                      ; 0                                           ;
; Total DLLs                      ; 0                                           ;
+---------------------------------+---------------------------------------------+


+---------------------------------------------------------------------------------------------------------------------------+
; Analysis & Synthesis Settings                                                                                             ;
+---------------------------------------------------------------------------------+--------------------+--------------------+
; Option                                                                          ; Setting            ; Default Value      ;
+---------------------------------------------------------------------------------+--------------------+--------------------+
; Device                                                                          ; 5CGXFC7C7F23C8     ;                    ;
; Top-level entity name                                                           ; PID_Controller     ; PID_Controller     ;
; Family name                                                                     ; Cyclone V          ; Cyclone V          ;
; Use smart compilation                                                           ; Off                ; Off                ;
; Enable parallel Assembler and TimeQuest Timing Analyzer during compilation      ; On                 ; On                 ;
; Enable compact report table                                                     ; Off                ; Off                ;
; Restructure Multiplexers                                                        ; Auto               ; Auto               ;
; MLAB Add Timing Constraints For Mixed-Port Feed-Through Mode Setting Don't Care ; Off                ; Off                ;
; Create Debugging Nodes for IP Cores                                             ; Off                ; Off                ;
; Preserve fewer node names                                                       ; On                 ; On                 ;
; Intel FPGA IP Evaluation Mode                                                   ; Enable             ; Enable             ;
; Verilog Version                                                                 ; Verilog_2001       ; Verilog_2001       ;
; VHDL Version                                                                    ; VHDL_1993          ; VHDL_1993          ;
; State Machine Processing                                                        ; Auto               ; Auto               ;
; Safe State Machine                                                              ; Off                ; Off                ;
; Extract Verilog State Machines                                                  ; On                 ; On                 ;
; Extract VHDL State Machines                                                     ; On                 ; On                 ;
; Ignore Verilog initial constructs                                               ; Off                ; Off                ;
; Iteration limit for constant Verilog loops                                      ; 5000               ; 5000               ;
; Iteration limit for non-constant Verilog loops                                  ; 250                ; 250                ;
; Add Pass-Through Logic to Inferred RAMs                                         ; On                 ; On                 ;
; Infer RAMs from Raw Logic                                                       ; On                 ; On                 ;
; Parallel Synthesis                                                              ; On                 ; On                 ;
; DSP Block Balancing                                                             ; Auto               ; Auto               ;
; NOT Gate Push-Back                                                              ; On                 ; On                 ;
; Power-Up Don't Care                                                             ; On                 ; On                 ;
; Remove Redundant Logic Cells                                                    ; Off                ; Off                ;
; Remove Duplicate Registers                                                      ; On                 ; On                 ;
; Ignore CARRY Buffers                                                            ; Off                ; Off                ;
; Ignore CASCADE Buffers                                                          ; Off                ; Off                ;
; Ignore GLOBAL Buffers                                                           ; Off                ; Off                ;
; Ignore ROW GLOBAL Buffers                                                       ; Off                ; Off                ;
; Ignore LCELL Buffers                                                            ; Off                ; Off                ;
; Ignore SOFT Buffers                                                             ; On                 ; On                 ;
; Limit AHDL Integers to 32 Bits                                                  ; Off                ; Off                ;
; Optimization Technique                                                          ; Balanced           ; Balanced           ;
; Carry Chain Length                                                              ; 70                 ; 70                 ;
; Auto Carry Chains                                                               ; On                 ; On                 ;
; Auto Open-Drain Pins                                                            ; On                 ; On                 ;
; Perform WYSIWYG Primitive Resynthesis                                           ; Off                ; Off                ;
; Auto ROM Replacement                                                            ; On                 ; On                 ;
; Auto RAM Replacement                                                            ; On                 ; On                 ;
; Auto DSP Block Replacement                                                      ; On                 ; On                 ;
; Auto Shift Register Replacement                                                 ; Auto               ; Auto               ;
; Allow Shift Register Merging across Hierarchies                                 ; Auto               ; Auto               ;
; Auto Clock Enable Replacement                                                   ; On                 ; On                 ;
; Strict RAM Replacement                                                          ; Off                ; Off                ;
; Allow Synchronous Control Signals                                               ; On                 ; On                 ;
; Force Use of Synchronous Clear Signals                                          ; Off                ; Off                ;
; Auto Resource Sharing                                                           ; Off                ; Off                ;
; Allow Any RAM Size For Recognition                                              ; Off                ; Off                ;
; Allow Any ROM Size For Recognition                                              ; Off                ; Off                ;
; Allow Any Shift Register Size For Recognition                                   ; Off                ; Off                ;
; Use LogicLock Constraints during Resource Balancing                             ; On                 ; On                 ;
; Ignore translate_off and synthesis_off directives                               ; Off                ; Off                ;
; Timing-Driven Synthesis                                                         ; On                 ; On                 ;
; Report Parameter Settings                                                       ; On                 ; On                 ;
; Report Source Assignments                                                       ; On                 ; On                 ;
; Report Connectivity Checks                                                      ; On                 ; On                 ;
; Ignore Maximum Fan-Out Assignments                                              ; Off                ; Off                ;
; Synchronization Register Chain Length                                           ; 3                  ; 3                  ;
; Power Optimization During Synthesis                                             ; Normal compilation ; Normal compilation ;
; HDL message level                                                               ; Level2             ; Level2             ;
; Suppress Register Optimization Related Messages                                 ; Off                ; Off                ;
; Number of Removed Registers Reported in Synthesis Report                        ; 5000               ; 5000               ;
; Number of Swept Nodes Reported in Synthesis Report                              ; 5000               ; 5000               ;
; Number of Inverted Registers Reported in Synthesis Report                       ; 100                ; 100                ;
; Clock MUX Protection                                                            ; On                 ; On                 ;
; Auto Gated Clock Conversion                                                     ; Off                ; Off                ;
; Block Design Naming                                                             ; Auto               ; Auto               ;
; SDC constraint protection                                                       ; Off                ; Off                ;
; Synthesis Effort                                                                ; Auto               ; Auto               ;
; Shift Register Replacement - Allow Asynchronous Clear Signal                    ; On                 ; On                 ;
; Pre-Mapping Resynthesis Optimization                                            ; Off                ; Off                ;
; Analysis & Synthesis Message Level                                              ; Medium             ; Medium             ;
; Disable Register Merging Across Hierarchies                                     ; Auto               ; Auto               ;
; Resource Aware Inference For Block RAM                                          ; On                 ; On                 ;
; Automatic Parallel Synthesis                                                    ; On                 ; On                 ;
; Partial Reconfiguration Bitstream ID                                            ; Off                ; Off                ;
+---------------------------------------------------------------------------------+--------------------+--------------------+


+------------------------------------------+
; Parallel Compilation                     ;
+----------------------------+-------------+
; Processors                 ; Number      ;
+----------------------------+-------------+
; Number detected on machine ; 8           ;
; Maximum allowed            ; 4           ;
;                            ;             ;
; Average used               ; 1.00        ;
; Maximum used               ; 4           ;
;                            ;             ;
; Usage by Processor         ; % Time Used ;
;     Processor 1            ; 100.0%      ;
;     Processor 2            ;   0.0%      ;
;     Processor 3            ;   0.0%      ;
;     Processor 4            ;   0.0%      ;
+----------------------------+-------------+


+--------------------------------------------------------------------------------------------------------------------------------------------------------------------------+
; Analysis & Synthesis Source Files Read                                                                                                                                   ;
+----------------------------------+-----------------+------------------------------+----------------------------------------------------------------------------+---------+
; File Name with User-Entered Path ; Used in Netlist ; File Type                    ; File Name with Absolute Path                                               ; Library ;
+----------------------------------+-----------------+------------------------------+----------------------------------------------------------------------------+---------+
; PID_Controller.v                 ; yes             ; User Verilog HDL File        ; C:/Users/Mujtaba_A/Desktop/Test project/PID_Controller.v                   ;         ;
; lpm_divide.tdf                   ; yes             ; Megafunction                 ; c:/intelfpga_lite/17.1/quartus/libraries/megafunctions/lpm_divide.tdf      ;         ;
; abs_divider.inc                  ; yes             ; Megafunction                 ; c:/intelfpga_lite/17.1/quartus/libraries/megafunctions/abs_divider.inc     ;         ;
; sign_div_unsign.inc              ; yes             ; Megafunction                 ; c:/intelfpga_lite/17.1/quartus/libraries/megafunctions/sign_div_unsign.inc ;         ;
; aglobal171.inc                   ; yes             ; Megafunction                 ; c:/intelfpga_lite/17.1/quartus/libraries/megafunctions/aglobal171.inc      ;         ;
; db/lpm_divide_epo.tdf            ; yes             ; Auto-Generated Megafunction  ; C:/Users/Mujtaba_A/Desktop/Test project/db/lpm_divide_epo.tdf              ;         ;
; db/abs_divider_nbg.tdf           ; yes             ; Auto-Generated Megafunction  ; C:/Users/Mujtaba_A/Desktop/Test project/db/abs_divider_nbg.tdf             ;         ;
; db/alt_u_div_uve.tdf             ; yes             ; Auto-Generated Megafunction  ; C:/Users/Mujtaba_A/Desktop/Test project/db/alt_u_div_uve.tdf               ;         ;
; db/lpm_abs_nn9.tdf               ; yes             ; Auto-Generated Megafunction  ; C:/Users/Mujtaba_A/Desktop/Test project/db/lpm_abs_nn9.tdf                 ;         ;
; db/lpm_abs_4p9.tdf               ; yes             ; Auto-Generated Megafunction  ; C:/Users/Mujtaba_A/Desktop/Test project/db/lpm_abs_4p9.tdf                 ;         ;
+----------------------------------+-----------------+------------------------------+----------------------------------------------------------------------------+---------+


+---------------------------------------------------------------------------------------------------------------------------------------------------+
; Analysis & Synthesis Resource Usage Summary                                                                                                       ;
+---------------------------------------------+-----------------------------------------------------------------------------------------------------+
; Resource                                    ; Usage                                                                                               ;
+---------------------------------------------+-----------------------------------------------------------------------------------------------------+
; Estimate of Logic utilization (ALMs needed) ; 375                                                                                                 ;
;                                             ;                                                                                                     ;
; Combinational ALUT usage for logic          ; 745                                                                                                 ;
;     -- 7 input functions                    ; 0                                                                                                   ;
;     -- 6 input functions                    ; 3                                                                                                   ;
;     -- 5 input functions                    ; 102                                                                                                 ;
;     -- 4 input functions                    ; 235                                                                                                 ;
;     -- <=3 input functions                  ; 405                                                                                                 ;
;                                             ;                                                                                                     ;
; Dedicated logic registers                   ; 34                                                                                                  ;
;                                             ;                                                                                                     ;
; I/O pins                                    ; 58                                                                                                  ;
;                                             ;                                                                                                     ;
; Total DSP Blocks                            ; 5                                                                                                   ;
;                                             ;                                                                                                     ;
; Maximum fan-out node                        ; lpm_divide:Div0|lpm_divide_epo:auto_generated|abs_divider_nbg:divider|lpm_abs_nn9:my_abs_den|op_1~1 ;
; Maximum fan-out                             ; 47                                                                                                  ;
; Total fan-out                               ; 2789                                                                                                ;
; Average fan-out                             ; 3.10                                                                                                ;
+---------------------------------------------+-----------------------------------------------------------------------------------------------------+


+------------------------------------------------------------------------------------------------------------------------------------------------------------------------------------------------------------------------------------------------------------------------------------------------+
; Analysis & Synthesis Resource Utilization by Entity                                                                                                                                                                                                                                            ;
+---------------------------------------+---------------------+---------------------------+-------------------+------------+------+--------------+--------------------------------------------------------------------------------------------------------------+-----------------+--------------+
; Compilation Hierarchy Node            ; Combinational ALUTs ; Dedicated Logic Registers ; Block Memory Bits ; DSP Blocks ; Pins ; Virtual Pins ; Full Hierarchy Name                                                                                          ; Entity Name     ; Library Name ;
+---------------------------------------+---------------------+---------------------------+-------------------+------------+------+--------------+--------------------------------------------------------------------------------------------------------------+-----------------+--------------+
; |PID_Controller                       ; 745 (75)            ; 34 (34)                   ; 0                 ; 5          ; 58   ; 0            ; |PID_Controller                                                                                              ; PID_Controller  ; work         ;
;    |lpm_divide:Div0|                  ; 670 (0)             ; 0 (0)                     ; 0                 ; 0          ; 0    ; 0            ; |PID_Controller|lpm_divide:Div0                                                                              ; lpm_divide      ; work         ;
;       |lpm_divide_epo:auto_generated| ; 670 (0)             ; 0 (0)                     ; 0                 ; 0          ; 0    ; 0            ; |PID_Controller|lpm_divide:Div0|lpm_divide_epo:auto_generated                                                ; lpm_divide_epo  ; work         ;
;          |abs_divider_nbg:divider|    ; 670 (20)            ; 0 (0)                     ; 0                 ; 0          ; 0    ; 0            ; |PID_Controller|lpm_divide:Div0|lpm_divide_epo:auto_generated|abs_divider_nbg:divider                        ; abs_divider_nbg ; work         ;
;             |alt_u_div_uve:divider|   ; 610 (610)           ; 0 (0)                     ; 0                 ; 0          ; 0    ; 0            ; |PID_Controller|lpm_divide:Div0|lpm_divide_epo:auto_generated|abs_divider_nbg:divider|alt_u_div_uve:divider  ; alt_u_div_uve   ; work         ;
;             |lpm_abs_4p9:my_abs_num|  ; 32 (32)             ; 0 (0)                     ; 0                 ; 0          ; 0    ; 0            ; |PID_Controller|lpm_divide:Div0|lpm_divide_epo:auto_generated|abs_divider_nbg:divider|lpm_abs_4p9:my_abs_num ; lpm_abs_4p9     ; work         ;
;             |lpm_abs_nn9:my_abs_den|  ; 8 (8)               ; 0 (0)                     ; 0                 ; 0          ; 0    ; 0            ; |PID_Controller|lpm_divide:Div0|lpm_divide_epo:auto_generated|abs_divider_nbg:divider|lpm_abs_nn9:my_abs_den ; lpm_abs_nn9     ; work         ;
+---------------------------------------+---------------------+---------------------------+-------------------+------------+------+--------------+--------------------------------------------------------------------------------------------------------------+-----------------+--------------+
Note: For table entries with two numbers listed, the numbers in parentheses indicate the number of resources of the given type used by the specific entity alone. The numbers listed outside of parentheses indicate the total resources of the given type used by the specific entity and all of its sub-entities in the hierarchy.


+-------------------------------------------------+
; Analysis & Synthesis DSP Block Usage Summary    ;
+-----------------------------------+-------------+
; Statistic                         ; Number Used ;
+-----------------------------------+-------------+
; Independent 9x9                   ; 1           ;
; Two Independent 18x18             ; 3           ;
; Independent 18x18 plus 36         ; 1           ;
; Total number of DSP blocks        ; 5           ;
;                                   ;             ;
; Fixed Point Signed Multiplier     ; 4           ;
; Fixed Point Mixed Sign Multiplier ; 1           ;
+-----------------------------------+-------------+


+------------------------------------------------------+
; General Register Statistics                          ;
+----------------------------------------------+-------+
; Statistic                                    ; Value ;
+----------------------------------------------+-------+
; Total registers                              ; 34    ;
; Number of registers using Synchronous Clear  ; 0     ;
; Number of registers using Synchronous Load   ; 0     ;
; Number of registers using Asynchronous Clear ; 34    ;
; Number of registers using Asynchronous Load  ; 0     ;
; Number of registers using Clock Enable       ; 0     ;
; Number of registers using Preset             ; 0     ;
+----------------------------------------------+-------+


+------------------------------------------------------------------------------------------------------------------------------------------+
; Multiplexer Restructuring Statistics (Restructuring Performed)                                                                           ;
+--------------------+-----------+---------------+----------------------+------------------------+------------+----------------------------+
; Multiplexer Inputs ; Bus Width ; Baseline Area ; Area if Restructured ; Saving if Restructured ; Registered ; Example Multiplexer Output ;
+--------------------+-----------+---------------+----------------------+------------------------+------------+----------------------------+
; 3:1                ; 8 bits    ; 16 LEs        ; 16 LEs               ; 0 LEs                  ; No         ; |PID_Controller|u_t        ;
+--------------------+-----------+---------------+----------------------+------------------------+------------+----------------------------+


+--------------------------------------------------------------------------------+
; Parameter Settings for User Entity Instance: Top-level Entity: |PID_Controller ;
+----------------+-------+-------------------------------------------------------+
; Parameter Name ; Value ; Type                                                  ;
+----------------+-------+-------------------------------------------------------+
; SIZE           ; 8     ; Signed Integer                                        ;
; INT_SIZE       ; 18    ; Signed Integer                                        ;
+----------------+-------+-------------------------------------------------------+
Note: In order to hide this table in the UI and the text report file, please set the "Show Parameter Settings in Synthesis Report" option in "Analysis and Synthesis Settings -> More Settings" to "Off".


+------------------------------------------------------------------+
; Parameter Settings for Inferred Entity Instance: lpm_divide:Div0 ;
+------------------------+----------------+------------------------+
; Parameter Name         ; Value          ; Type                   ;
+------------------------+----------------+------------------------+
; LPM_WIDTHN             ; 32             ; Untyped                ;
; LPM_WIDTHD             ; 8              ; Untyped                ;
; LPM_NREPRESENTATION    ; SIGNED         ; Untyped                ;
; LPM_DREPRESENTATION    ; SIGNED         ; Untyped                ;
; LPM_PIPELINE           ; 0              ; Untyped                ;
; LPM_REMAINDERPOSITIVE  ; FALSE          ; Untyped                ;
; MAXIMIZE_SPEED         ; 5              ; Untyped                ;
; CBXI_PARAMETER         ; lpm_divide_epo ; Untyped                ;
; CARRY_CHAIN            ; MANUAL         ; Untyped                ;
; OPTIMIZE_FOR_SPEED     ; 5              ; Untyped                ;
; AUTO_CARRY_CHAINS      ; ON             ; AUTO_CARRY             ;
; IGNORE_CARRY_BUFFERS   ; OFF            ; IGNORE_CARRY           ;
; AUTO_CASCADE_CHAINS    ; ON             ; AUTO_CASCADE           ;
; IGNORE_CASCADE_BUFFERS ; OFF            ; IGNORE_CASCADE         ;
+------------------------+----------------+------------------------+
Note: In order to hide this table in the UI and the text report file, please set the "Show Parameter Settings in Synthesis Report" option in "Analysis and Synthesis Settings -> More Settings" to "Off".


+-----------------------------------------------------+
; Post-Synthesis Netlist Statistics for Top Partition ;
+-----------------------+-----------------------------+
; Type                  ; Count                       ;
+-----------------------+-----------------------------+
; arriav_ff             ; 34                          ;
;     CLR               ; 34                          ;
; arriav_lcell_comb     ; 746                         ;
;     arith             ; 380                         ;
;         0 data inputs ; 60                          ;
;         1 data inputs ; 18                          ;
;         2 data inputs ; 85                          ;
;         4 data inputs ; 120                         ;
;         5 data inputs ; 97                          ;
;     normal            ; 322                         ;
;         0 data inputs ; 1                           ;
;         2 data inputs ; 188                         ;
;         3 data inputs ; 15                          ;
;         4 data inputs ; 110                         ;
;         5 data inputs ; 5                           ;
;         6 data inputs ; 3                           ;
;     shared            ; 44                          ;
;         0 data inputs ; 3                           ;
;         2 data inputs ; 20                          ;
;         3 data inputs ; 16                          ;
;         4 data inputs ; 5                           ;
; arriav_mac            ; 5                           ;
; boundary_port         ; 58                          ;
;                       ;                             ;
; Max LUT depth         ; 68.20                       ;
; Average LUT depth     ; 53.12                       ;
+-----------------------+-----------------------------+


+-------------------------------+
; Elapsed Time Per Partition    ;
+----------------+--------------+
; Partition Name ; Elapsed Time ;
+----------------+--------------+
; Top            ; 00:00:02     ;
+----------------+--------------+


+-------------------------------+
; Analysis & Synthesis Messages ;
+-------------------------------+
Info: *******************************************************************
Info: Running Quartus Prime Analysis & Synthesis
    Info: Version 17.1.0 Build 590 10/25/2017 SJ Lite Edition
    Info: Processing started: Fri Mar 13 14:12:19 2026
Info: Command: quartus_map --read_settings_files=on --write_settings_files=off PID_Controller -c PID_Controller
Warning (18236): Number of processors has not been specified which may cause overloading on shared machines.  Set the global assignment NUM_PARALLEL_PROCESSORS in your QSF to an appropriate value for best performance.
Info (20030): Parallel compilation is enabled and will use 4 of the 4 processors detected
Info (12021): Found 1 design units, including 1 entities, in source file pid_controller.v
    Info (12023): Found entity 1: PID_Controller File: C:/Users/Mujtaba_A/Desktop/Test project/PID_Controller.v Line: 1
Info (12021): Found 1 design units, including 1 entities, in source file errortracker.v
    Info (12023): Found entity 1: ErrorTracker File: C:/Users/Mujtaba_A/Desktop/Test project/ErrorTracker.v Line: 1
Info (12021): Found 1 design units, including 1 entities, in source file derivative.v
    Info (12023): Found entity 1: Derivative File: C:/Users/Mujtaba_A/Desktop/Test project/Derivative.v Line: 2
Info (12021): Found 1 design units, including 1 entities, in source file integrator.v
    Info (12023): Found entity 1: Integrator File: C:/Users/Mujtaba_A/Desktop/Test project/Integrator.v Line: 1
Info (12021): Found 1 design units, including 1 entities, in source file pid_controller_test.v
    Info (12023): Found entity 1: PID_TB File: C:/Users/Mujtaba_A/Desktop/Test project/PID_Controller_Test.v Line: 3
Info (12127): Elaborating entity "PID_Controller" for the top level hierarchy
Warning (10230): Verilog HDL assignment warning at PID_Controller.v(50): truncated value with size 32 to match size of target (18) File: C:/Users/Mujtaba_A/Desktop/Test project/PID_Controller.v Line: 50
Info (278001): Inferred 1 megafunctions from design logic
    Info (278004): Inferred divider/modulo megafunction ("lpm_divide") from the following logic: "Div0" File: C:/Users/Mujtaba_A/Desktop/Test project/PID_Controller.v Line: 50
Info (12130): Elaborated megafunction instantiation "lpm_divide:Div0" File: C:/Users/Mujtaba_A/Desktop/Test project/PID_Controller.v Line: 50
Info (12133): Instantiated megafunction "lpm_divide:Div0" with the following parameter: File: C:/Users/Mujtaba_A/Desktop/Test project/PID_Controller.v Line: 50
    Info (12134): Parameter "LPM_WIDTHN" = "32"
    Info (12134): Parameter "LPM_WIDTHD" = "8"
    Info (12134): Parameter "LPM_NREPRESENTATION" = "SIGNED"
    Info (12134): Parameter "LPM_DREPRESENTATION" = "SIGNED"
    Info (12134): Parameter "LPM_HINT" = "LPM_REMAINDERPOSITIVE=FALSE"
Info (12021): Found 1 design units, including 1 entities, in source file db/lpm_divide_epo.tdf
    Info (12023): Found entity 1: lpm_divide_epo File: C:/Users/Mujtaba_A/Desktop/Test project/db/lpm_divide_epo.tdf Line: 24
Info (12021): Found 1 design units, including 1 entities, in source file db/abs_divider_nbg.tdf
    Info (12023): Found entity 1: abs_divider_nbg File: C:/Users/Mujtaba_A/Desktop/Test project/db/abs_divider_nbg.tdf Line: 28
Info (12021): Found 1 design units, including 1 entities, in source file db/alt_u_div_uve.tdf
    Info (12023): Found entity 1: alt_u_div_uve File: C:/Users/Mujtaba_A/Desktop/Test project/db/alt_u_div_uve.tdf Line: 22
Info (12021): Found 1 design units, including 1 entities, in source file db/lpm_abs_nn9.tdf
    Info (12023): Found entity 1: lpm_abs_nn9 File: C:/Users/Mujtaba_A/Desktop/Test project/db/lpm_abs_nn9.tdf Line: 22
Info (12021): Found 1 design units, including 1 entities, in source file db/lpm_abs_4p9.tdf
    Info (12023): Found entity 1: lpm_abs_4p9 File: C:/Users/Mujtaba_A/Desktop/Test project/db/lpm_abs_4p9.tdf Line: 22
Warning (13024): Output pins are stuck at VCC or GND
    Warning (13410): Pin "u_t[7]" is stuck at GND File: C:/Users/Mujtaba_A/Desktop/Test project/PID_Controller.v Line: 15
Info (286030): Timing-Driven Synthesis is running
Info (16010): Generating hard_block partition "hard_block:auto_generated_inst"
    Info (16011): Adding 0 node(s), including 0 DDIO, 0 PLL, 0 transceiver and 0 LCELL
Info (21057): Implemented 816 device resources after synthesis - the final resource count might be different
    Info (21058): Implemented 50 input pins
    Info (21059): Implemented 8 output pins
    Info (21061): Implemented 753 logic cells
    Info (21062): Implemented 5 DSP elements
Info: Quartus Prime Analysis & Synthesis was successful. 0 errors, 4 warnings
    Info: Peak virtual memory: 4856 megabytes
    Info: Processing ended: Fri Mar 13 14:12:33 2026
    Info: Elapsed time: 00:00:14
    Info: Total CPU time (on all processors): 00:00:26


